<?xml version="1.0" encoding="UTF-8"?>
<testng-results skipped="0" failed="1" ignored="0" total="2" passed="1">
  <reporter-output>
  </reporter-output>
  <suite name="Default suite" duration-ms="16445" started-at="2019-07-18T05:49:48Z" finished-at="2019-07-18T05:50:04Z">
    <groups>
      <group name="smoke">
        <method signature="LoginPageTest.testLink()[pri:0, instance:info.aripov.SeleniumFramework.LoginPageTest@128d2484]" name="testLink" class="info.aripov.SeleniumFramework.LoginPageTest"/>
      </group> <!-- smoke -->
    </groups>
    <test name="Default test" duration-ms="16445" started-at="2019-07-18T05:49:48Z" finished-at="2019-07-18T05:50:04Z">
      <class name="info.aripov.SeleniumFramework.LoginPageTest">
        <test-method status="PASS" signature="setupTest()[pri:0, instance:info.aripov.SeleniumFramework.LoginPageTest@128d2484]" name="setupTest" is-config="true" duration-ms="9628" started-at="2019-07-18T05:49:48Z" finished-at="2019-07-18T05:49:57Z">
          <reporter-output>
          </reporter-output>
        </test-method> <!-- setupTest -->
        <test-method status="PASS" signature="testLogin(java.lang.String, java.lang.String)[pri:0, instance:info.aripov.SeleniumFramework.LoginPageTest@128d2484]" name="testLogin" duration-ms="2988" started-at="2019-07-18T05:49:57Z" data-provider="getData" finished-at="2019-07-18T05:50:00Z">
          <params>
            <param index="0">
              <value>
                <![CDATA[weblaruchun]]>
              </value>
            </param>
            <param index="1">
              <value>
                <![CDATA[passord]]>
              </value>
            </param>
          </params>
          <reporter-output>
          </reporter-output>
        </test-method> <!-- testLogin -->
        <test-method status="PASS" signature="captureScreenshot(org.testng.ITestResult)[pri:0, instance:info.aripov.SeleniumFramework.LoginPageTest@128d2484]" name="captureScreenshot" is-config="true" duration-ms="1" started-at="2019-07-18T05:50:00Z" finished-at="2019-07-18T05:50:00Z">
          <params>
            <param index="0">
              <value>
                <![CDATA[[TestResult name=testLogin status=SUCCESS method=LoginPageTest.testLogin(java.lang.String, java.lang.String)[pri:0, instance:info.aripov.SeleniumFramework.LoginPageTest@128d2484] output={null}]]]>
              </value>
            </param>
          </params>
          <reporter-output>
          </reporter-output>
        </test-method> <!-- captureScreenshot -->
        <test-method status="FAIL" signature="testLink()[pri:0, instance:info.aripov.SeleniumFramework.LoginPageTest@128d2484]" name="testLink" duration-ms="10" started-at="2019-07-18T05:50:00Z" depends-on-methods="info.aripov.SeleniumFramework.LoginPageTest.testLogin" finished-at="2019-07-18T05:50:00Z">
          <exception class="java.lang.AssertionError">
            <message>
              <![CDATA[expected [true] but found [false]]]>
            </message>
            <full-stacktrace>
              <![CDATA[java.lang.AssertionError: expected [true] but found [false]
at org.testng.Assert.fail(Assert.java:96)
at org.testng.Assert.failNotEquals(Assert.java:776)
at org.testng.Assert.assertTrue(Assert.java:44)
at org.testng.Assert.assertTrue(Assert.java:54)
at info.aripov.SeleniumFramework.LoginPageTest.testLink(LoginPageTest.java:64)
at sun.reflect.NativeMethodAccessorImpl.invoke0(Native Method)
at sun.reflect.NativeMethodAccessorImpl.invoke(NativeMethodAccessorImpl.java:62)
at sun.reflect.DelegatingMethodAccessorImpl.invoke(DelegatingMethodAccessorImpl.java:43)
at java.lang.reflect.Method.invoke(Method.java:498)
at org.testng.internal.MethodInvocationHelper.invokeMethod(MethodInvocationHelper.java:124)
at org.testng.internal.Invoker.invokeMethod(Invoker.java:583)
at org.testng.internal.Invoker.invokeTestMethod(Invoker.java:719)
at org.testng.internal.Invoker.invokeTestMethods(Invoker.java:989)
at org.testng.internal.TestMethodWorker.invokeTestMethods(TestMethodWorker.java:125)
at org.testng.internal.TestMethodWorker.run(TestMethodWorker.java:109)
at org.testng.TestRunner.privateRun(TestRunner.java:648)
at org.testng.TestRunner.run(TestRunner.java:505)
at org.testng.SuiteRunner.runTest(SuiteRunner.java:455)
at org.testng.SuiteRunner.runSequentially(SuiteRunner.java:450)
at org.testng.SuiteRunner.privateRun(SuiteRunner.java:415)
at org.testng.SuiteRunner.run(SuiteRunner.java:364)
at org.testng.SuiteRunnerWorker.runSuite(SuiteRunnerWorker.java:52)
at org.testng.SuiteRunnerWorker.run(SuiteRunnerWorker.java:84)
at org.testng.TestNG.runSuitesSequentially(TestNG.java:1208)
at org.testng.TestNG.runSuitesLocally(TestNG.java:1137)
at org.testng.TestNG.runSuites(TestNG.java:1049)
at org.testng.TestNG.run(TestNG.java:1017)
at org.testng.remote.AbstractRemoteTestNG.run(AbstractRemoteTestNG.java:115)
at org.testng.remote.RemoteTestNG.initAndRun(RemoteTestNG.java:251)
at org.testng.remote.RemoteTestNG.main(RemoteTestNG.java:77)
]]>
            </full-stacktrace>
          </exception> <!-- java.lang.AssertionError -->
          <reporter-output>
          </reporter-output>
        </test-method> <!-- testLink -->
        <test-method status="PASS" signature="captureScreenshot(org.testng.ITestResult)[pri:0, instance:info.aripov.SeleniumFramework.LoginPageTest@128d2484]" name="captureScreenshot" is-config="true" duration-ms="573" started-at="2019-07-18T05:50:00Z" finished-at="2019-07-18T05:50:01Z">
          <params>
            <param index="0">
              <value>
                <![CDATA[[TestResult name=testLink status=FAILURE method=LoginPageTest.testLink()[pri:0, instance:info.aripov.SeleniumFramework.LoginPageTest@128d2484] output={null}]]]>
              </value>
            </param>
          </params>
          <reporter-output>
          </reporter-output>
        </test-method> <!-- captureScreenshot -->
        <test-method status="PASS" signature="teardown()[pri:0, instance:info.aripov.SeleniumFramework.LoginPageTest@128d2484]" name="teardown" is-config="true" duration-ms="3158" started-at="2019-07-18T05:50:01Z" finished-at="2019-07-18T05:50:04Z">
          <reporter-output>
          </reporter-output>
        </test-method> <!-- teardown -->
      </class> <!-- info.aripov.SeleniumFramework.LoginPageTest -->
    </test> <!-- Default test -->
  </suite> <!-- Default suite -->
</testng-results>
