<?xml version="1.0" encoding="UTF-8"?>
<!-- Generated by org.testng.reporters.JUnitXMLReporter -->
<testsuite ignored="0" hostname="Mys-MacBook-Air.local" failures="1" tests="4" name="Command line test" time="7.273" errors="0" timestamp="16 Jul 2019 10:33:53 GMT">
  <testcase classname="info.aripov.SeleniumFramework.AppTest" name="testApp" time="0.002"/>
  <testcase classname="info.aripov.SeleniumFramework.HomePageTest" name="testTitle" time="3.444"/>
  <testcase classname="info.aripov.SeleniumFramework.LoginPageTest" name="testLogin" time="3.785"/>
  <testcase classname="info.aripov.SeleniumFramework.LoginPageTest" name="testLink" time="0.002">
    <failure type="java.lang.AssertionError" message="expected [true] but found [false]">
      <![CDATA[java.lang.AssertionError: expected [true] but found [false]
at info.aripov.SeleniumFramework.LoginPageTest.testLink(LoginPageTest.java:65)
... Removed 39 stack frames]]>
    </failure>
  </testcase> <!-- testLink -->
</testsuite> <!-- Command line test -->
