<?xml version="1.0" encoding="UTF-8"?>
<!-- Generated by org.testng.reporters.JUnitXMLReporter -->
<testsuite hostname="Mys-MacBook-Air.local" ignored="0" name="Test" tests="4" failures="2" timestamp="18 Jul 2019 05:26:19 GMT" time="16.973" errors="0">
  <testcase name="testApp" time="0.008" classname="info.aripov.SeleniumFramework.AppTest"/>
  <testcase name="testLogin" time="8.449" classname="info.aripov.SeleniumFramework.LoginPageTest"/>
  <testcase name="testLink" time="0.007" classname="info.aripov.SeleniumFramework.LoginPageTest">
    <failure type="java.lang.AssertionError" message="expected [true] but found [false]">
      <![CDATA[java.lang.AssertionError: expected [true] but found [false]
at info.aripov.SeleniumFramework.LoginPageTest.testLink(LoginPageTest.java:67)
... Removed 29 stack frames]]>
    </failure>
  </testcase> <!-- testLink -->
  <testcase name="testLink" time="0.018" classname="info.aripov.SeleniumFramework.LoginPageTest">
    <failure type="java.lang.NullPointerException">
      <![CDATA[java.lang.NullPointerException
at info.aripov.SeleniumFramework.Base.getScreenShot(Base.java:77)
at info.aripov.SeleniumFramework.Listeners.onTestFailure(Listeners.java:40)
... Removed 22 stack frames]]>
    </failure>
  </testcase> <!-- testLink -->
</testsuite> <!-- Test -->
